GROUP,PACKAGE,CLASS,INSTRUCTION_MISSED,INSTRUCTION_COVERED,BRANCH_MISSED,BRANCH_COVERED,LINE_MISSED,LINE_COVERED,COMPLEXITY_MISSED,COMPLEXITY_COVERED,METHOD_MISSED,METHOD_COVERED
calculator-rubenl,calculators,Calculator,1141,157,123,1,158,37,64,6,2,6
calculator-rubenl,calculators,SciCalculatorGUI,1,1406,0,0,1,252,1,1,1,1
calculator-rubenl,calculators,SciCalculator,110,48,16,0,26,11,15,1,7,1
calculator-rubenl,calculators,CalculatorGUI,0,1512,0,0,0,260,0,1,0,1
calculator-rubenl,main,Main,8,0,0,0,3,0,2,0,2,0
