<?xml version="1.0" encoding="UTF-8"?>
<!-- Generated by org.testng.reporters.JUnitXMLReporter -->
<testsuite hostname="rub" name="Surefire test" tests="5" failures="0" timestamp="13 Dec 2018 15:54:22 GMT" time="0.43" errors="0">
  <testcase name="testAdd on testAdd(main.CalculatorTest)" time="0.009" classname="main.CalculatorTest"/>
  <testcase name="testSubtract on testSubtract(main.CalculatorTest)" time="0.001" classname="main.CalculatorTest"/>
  <testcase name="testSqrt on testSqrt(main.CalculatorTest)" time="0.0" classname="main.CalculatorTest"/>
  <testcase name="testDivide on testDivide(main.CalculatorTest)" time="0.0" classname="main.CalculatorTest"/>
  <testcase name="testMultiply on testMultiply(main.CalculatorTest)" time="0.0" classname="main.CalculatorTest"/>
</testsuite> <!-- Surefire test -->
