<?xml version="1.0" encoding="UTF-8"?>
<!-- Generated by org.testng.reporters.JUnitXMLReporter -->
<testsuite hostname="rub" name="Surefire test" tests="5" failures="0" timestamp="13 Dec 2018 01:52:45 GMT" time="0.482" errors="0">
  <testcase name="testAdd on testAdd(test.java.CalculatorTest)" time="0.005" classname="test.java.CalculatorTest"/>
  <testcase name="testSubtract on testSubtract(test.java.CalculatorTest)" time="0.001" classname="test.java.CalculatorTest"/>
  <testcase name="testSqrt on testSqrt(test.java.CalculatorTest)" time="0.0" classname="test.java.CalculatorTest"/>
  <testcase name="testDivide on testDivide(test.java.CalculatorTest)" time="0.004" classname="test.java.CalculatorTest"/>
  <testcase name="testMultiply on testMultiply(test.java.CalculatorTest)" time="0.0" classname="test.java.CalculatorTest"/>
</testsuite> <!-- Surefire test -->
