<?xml version="1.0" encoding="UTF-8"?>
<testsuite name="main.CalculatorTest" time="0.02" tests="33" errors="0" skipped="0" failures="0">
  <properties>
[...]
</properties>
  <testcase name="testDivideNegative on testDivideNegative(main.CalculatorTest)" classname="main.CalculatorTest" time="0.002"/>
  <testcase name="testTanhPositive on testTanhPositive(main.CalculatorTest)" classname="main.CalculatorTest" time="0.001"/>
  <testcase name="testTanZero on testTanZero(main.CalculatorTest)" classname="main.CalculatorTest" time="0.001"/>
  <testcase name="testTanhNegative on testTanhNegative(main.CalculatorTest)" classname="main.CalculatorTest" time="0"/>
  <testcase name="testSqrtPositive on testSqrtPositive(main.CalculatorTest)" classname="main.CalculatorTest" time="0"/>
  <testcase name="testSqrtNegative on testSqrtNegative(main.CalculatorTest)" classname="main.CalculatorTest" time="0.001"/>
  <testcase name="testAddZero on testAddZero(main.CalculatorTest)" classname="main.CalculatorTest" time="0"/>
  <testcase name="testTanPositive on testTanPositive(main.CalculatorTest)" classname="main.CalculatorTest" time="0.001"/>
  <testcase name="testAddPositive on testAddPositive(main.CalculatorTest)" classname="main.CalculatorTest" time="0"/>
  <testcase name="testTanNegative on testTanNegative(main.CalculatorTest)" classname="main.CalculatorTest" time="0.001"/>
  <testcase name="testSinPositive on testSinPositive(main.CalculatorTest)" classname="main.CalculatorTest" time="0.004"/>
  <testcase name="testAddNegative on testAddNegative(main.CalculatorTest)" classname="main.CalculatorTest" time="0"/>
  <testcase name="testMultiplyPositive on testMultiplyPositive(main.CalculatorTest)" classname="main.CalculatorTest" time="0"/>
  <testcase name="testSinNegative on testSinNegative(main.CalculatorTest)" classname="main.CalculatorTest" time="0"/>
  <testcase name="testMultiplyNegative on testMultiplyNegative(main.CalculatorTest)" classname="main.CalculatorTest" time="0"/>
  <testcase name="testCoshPositive on testCoshPositive(main.CalculatorTest)" classname="main.CalculatorTest" time="0.001"/>
  <testcase name="testSqrtZero on testSqrtZero(main.CalculatorTest)" classname="main.CalculatorTest" time="0"/>
  <testcase name="testCoshNegative on testCoshNegative(main.CalculatorTest)" classname="main.CalculatorTest" time="0"/>
  <testcase name="testTanhZero on testTanhZero(main.CalculatorTest)" classname="main.CalculatorTest" time="0.001"/>
  <testcase name="testCoshZero on testCoshZero(main.CalculatorTest)" classname="main.CalculatorTest" time="0.001"/>
  <testcase name="testCosZero on testCosZero(main.CalculatorTest)" classname="main.CalculatorTest" time="0"/>
  <testcase name="testCosPositive on testCosPositive(main.CalculatorTest)" classname="main.CalculatorTest" time="0.001"/>
  <testcase name="testSinhPositive on testSinhPositive(main.CalculatorTest)" classname="main.CalculatorTest" time="0.001"/>
  <testcase name="testCosNegative on testCosNegative(main.CalculatorTest)" classname="main.CalculatorTest" time="0"/>
  <testcase name="testSinhNegative on testSinhNegative(main.CalculatorTest)" classname="main.CalculatorTest" time="0"/>
  <testcase name="testSinhZero on testSinhZero(main.CalculatorTest)" classname="main.CalculatorTest" time="0.001"/>
  <testcase name="testMultiplyZero on testMultiplyZero(main.CalculatorTest)" classname="main.CalculatorTest" time="0.001"/>
  <testcase name="testDivideZero on testDivideZero(main.CalculatorTest)" classname="main.CalculatorTest" time="0.001"/>
  <testcase name="testSubtractPositive on testSubtractPositive(main.CalculatorTest)" classname="main.CalculatorTest" time="0.001"/>
  <testcase name="testSinZero on testSinZero(main.CalculatorTest)" classname="main.CalculatorTest" time="0"/>
  <testcase name="testSubtractNegative on testSubtractNegative(main.CalculatorTest)" classname="main.CalculatorTest" time="0"/>
  <testcase name="testSubtractZero on testSubtractZero(main.CalculatorTest)" classname="main.CalculatorTest" time="0"/>
  <testcase name="testDividePositive on testDividePositive(main.CalculatorTest)" classname="main.CalculatorTest" time="0"/>
</testsuite>